# JRE version: Java(TM) SE Runtime Environment (20.0.2+9) (build 20.0.2+9-78)
# Java VM: Java HotSpot(TM) 64-Bit Server VM (20.0.2+9-78, mixed mode, sharing, tiered, compressed oops, compressed class ptrs, g1 gc, windows-amd64)
GC Precious Log:
 CardTable entry size: 512
 Card Set container configuration: InlinePtr #cards 5 size 8 Array Of Cards #cards 12 size 40 Howl #buckets 4 coarsen threshold 1843 Howl Bitmap #cards 512 size 80 coarsen threshold 460 Card regions per heap region 1 cards per card region 2048
 CPUs: 4 total, 4 available
 Memory: 16078M
 Large Page Support: Disabled
 NUMA Support: Disabled
 Compressed Oops: Enabled (32-bit)
 Heap Region Size: 1M
 Heap Min Capacity: 8M
 Heap Initial Capacity: 252M
 Heap Max Capacity: 1536M
 Pre-touch: Disabled
 Parallel Workers: 4
 Concurrent Workers: 1
 Concurrent Refinement Workers: 4
 Periodic GC: Disabled
Heap:
 garbage-first heap   total 101376K, used 66092K [0x00000000a0000000, 0x0000000100000000)
  region size 1024K, 7 young (7168K), 4 survivors (4096K)
 Metaspace       used 61615K, committed 63552K, reserved 1114112K
  class space    used 8472K, committed 9408K, reserved 1048576K
GC Heap History (20 events):
Event: 11.879 GC heap before
{Heap before GC invocations=10 (full 0):
 garbage-first heap   total 89088K, used 75328K [0x00000000a0000000, 0x0000000100000000)
  region size 1024K, 45 young (46080K), 6 survivors (6144K)
 Metaspace       used 41654K, committed 43072K, reserved 1114112K
  class space    used 5850K, committed 6528K, reserved 1048576K
}
Event: 11.891 GC heap after
{Heap after GC invocations=11 (full 0):
 garbage-first heap   total 89088K, used 37945K [0x00000000a0000000, 0x0000000100000000)
  region size 1024K, 4 young (4096K), 4 survivors (4096K)
 Metaspace       used 41654K, committed 43072K, reserved 1114112K
  class space    used 5850K, committed 6528K, reserved 1048576K
}
Event: 12.971 GC heap before
{Heap before GC invocations=11 (full 0):
 garbage-first heap   total 89088K, used 77881K [0x00000000a0000000, 0x0000000100000000)
  region size 1024K, 42 young (43008K), 4 survivors (4096K)
 Metaspace       used 45677K, committed 47296K, reserved 1114112K
  class space    used 6377K, committed 7168K, reserved 1048576K
}
Event: 12.976 GC heap after
{Heap after GC invocations=12 (full 0):
 garbage-first heap   total 89088K, used 39938K [0x00000000a0000000, 0x0000000100000000)
  region size 1024K, 6 young (6144K), 6 survivors (6144K)
 Metaspace       used 45677K, committed 47296K, reserved 1114112K
  class space    used 6377K, committed 7168K, reserved 1048576K
}
Event: 14.974 GC heap before
{Heap before GC invocations=12 (full 0):
 garbage-first heap   total 89088K, used 79874K [0x00000000a0000000, 0x0000000100000000)
  region size 1024K, 42 young (43008K), 6 survivors (6144K)
 Metaspace       used 47591K, committed 49216K, reserved 1114112K
  class space    used 6596K, committed 7360K, reserved 1048576K
}
Event: 14.981 GC heap after
{Heap after GC invocations=13 (full 0):
 garbage-first heap   total 94208K, used 49836K [0x00000000a0000000, 0x0000000100000000)
  region size 1024K, 6 young (6144K), 6 survivors (6144K)
 Metaspace       used 47591K, committed 49216K, reserved 1114112K
  class space    used 6596K, committed 7360K, reserved 1048576K
}
Event: 15.378 GC heap before
{Heap before GC invocations=13 (full 0):
 garbage-first heap   total 94208K, used 58028K [0x00000000a0000000, 0x0000000100000000)
  region size 1024K, 15 young (15360K), 6 survivors (6144K)
 Metaspace       used 48139K, committed 49856K, reserved 1114112K
  class space    used 6680K, committed 7552K, reserved 1048576K
}
Event: 15.387 GC heap after
{Heap after GC invocations=14 (full 0):
 garbage-first heap   total 94208K, used 51798K [0x00000000a0000000, 0x0000000100000000)
  region size 1024K, 2 young (2048K), 2 survivors (2048K)
 Metaspace       used 48139K, committed 49856K, reserved 1114112K
  class space    used 6680K, committed 7552K, reserved 1048576K
}
Event: 16.396 GC heap before
{Heap before GC invocations=15 (full 0):
 garbage-first heap   total 94208K, used 84566K [0x00000000a0000000, 0x0000000100000000)
  region size 1024K, 32 young (32768K), 2 survivors (2048K)
 Metaspace       used 50697K, committed 52416K, reserved 1114112K
  class space    used 7026K, committed 7872K, reserved 1048576K
}
Event: 16.399 GC heap after
{Heap after GC invocations=16 (full 0):
 garbage-first heap   total 94208K, used 55684K [0x00000000a0000000, 0x0000000100000000)
  region size 1024K, 4 young (4096K), 4 survivors (4096K)
 Metaspace       used 50697K, committed 52416K, reserved 1114112K
  class space    used 7026K, committed 7872K, reserved 1048576K
}
Event: 17.199 GC heap before
{Heap before GC invocations=16 (full 0):
 garbage-first heap   total 94208K, used 83332K [0x00000000a0000000, 0x0000000100000000)
  region size 1024K, 31 young (31744K), 4 survivors (4096K)
 Metaspace       used 53728K, committed 55488K, reserved 1114112K
  class space    used 7378K, committed 8256K, reserved 1048576K
}
Event: 17.203 GC heap after
{Heap after GC invocations=17 (full 0):
 garbage-first heap   total 94208K, used 55701K [0x00000000a0000000, 0x0000000100000000)
  region size 1024K, 3 young (3072K), 3 survivors (3072K)
 Metaspace       used 53728K, committed 55488K, reserved 1114112K
  class space    used 7378K, committed 8256K, reserved 1048576K
}
Event: 18.295 GC heap before
{Heap before GC invocations=17 (full 0):
 garbage-first heap   total 94208K, used 84373K [0x00000000a0000000, 0x0000000100000000)
  region size 1024K, 31 young (31744K), 3 survivors (3072K)
 Metaspace       used 57377K, committed 59264K, reserved 1114112K
  class space    used 7903K, committed 8832K, reserved 1048576K
}
Event: 18.300 GC heap after
{Heap after GC invocations=18 (full 0):
 garbage-first heap   total 94208K, used 58285K [0x00000000a0000000, 0x0000000100000000)
  region size 1024K, 4 young (4096K), 4 survivors (4096K)
 Metaspace       used 57377K, committed 59264K, reserved 1114112K
  class space    used 7903K, committed 8832K, reserved 1048576K
}
Event: 19.072 GC heap before
{Heap before GC invocations=19 (full 0):
 garbage-first heap   total 101376K, used 89005K [0x00000000a0000000, 0x0000000100000000)
  region size 1024K, 28 young (28672K), 4 survivors (4096K)
 Metaspace       used 58218K, committed 60096K, reserved 1114112K
  class space    used 8029K, committed 8960K, reserved 1048576K
}
Event: 19.077 GC heap after
{Heap after GC invocations=20 (full 0):
 garbage-first heap   total 101376K, used 61398K [0x00000000a0000000, 0x0000000100000000)
  region size 1024K, 4 young (4096K), 4 survivors (4096K)
 Metaspace       used 58218K, committed 60096K, reserved 1114112K
  class space    used 8029K, committed 8960K, reserved 1048576K
}
Event: 19.973 GC heap before
{Heap before GC invocations=20 (full 0):
 garbage-first heap   total 101376K, used 90070K [0x00000000a0000000, 0x0000000100000000)
  region size 1024K, 33 young (33792K), 4 survivors (4096K)
 Metaspace       used 60469K, committed 62464K, reserved 1114112K
  class space    used 8317K, committed 9280K, reserved 1048576K
}
Event: 19.977 GC heap after
{Heap after GC invocations=21 (full 0):
 garbage-first heap   total 101376K, used 62563K [0x00000000a0000000, 0x0000000100000000)
  region size 1024K, 2 young (2048K), 2 survivors (2048K)
 Metaspace       used 60469K, committed 62464K, reserved 1114112K
  class space    used 8317K, committed 9280K, reserved 1048576K
}
Event: 20.646 GC heap before
{Heap before GC invocations=21 (full 0):
 garbage-first heap   total 101376K, used 90211K [0x00000000a0000000, 0x0000000100000000)
  region size 1024K, 30 young (30720K), 2 survivors (2048K)
 Metaspace       used 61611K, committed 63552K, reserved 1114112K
  class space    used 8472K, committed 9408K, reserved 1048576K
}
Event: 20.649 GC heap after
{Heap after GC invocations=22 (full 0):
 garbage-first heap   total 101376K, used 64044K [0x00000000a0000000, 0x0000000100000000)
  region size 1024K, 4 young (4096K), 4 survivors (4096K)
 Metaspace       used 61611K, committed 63552K, reserved 1114112K
  class space    used 8472K, committed 9408K, reserved 1048576K
}

